INFO [2025-10-30 14:25:30] $x
INFO [2025-10-30 14:25:30] list(non_ase = non_ase_sig_FT_vs_RGC_genes, H1 = H1_sig_FT_vs_RGC_genes, 
INFO [2025-10-30 14:25:30]     H2 = H2_sig_FT_vs_RGC_genes)
INFO [2025-10-30 14:25:30] 
INFO [2025-10-30 14:25:30] $filename
INFO [2025-10-30 14:25:30] file.path(venn.plot.dir, "sig_genes_overlap_FT_vs_RGC.png")
INFO [2025-10-30 14:25:30] 
INFO [2025-10-30 14:25:30] $category.names
INFO [2025-10-30 14:25:30] c("non_ase", "H1", "H2")
INFO [2025-10-30 14:25:30] 
INFO [2025-10-30 14:25:30] $output
INFO [2025-10-30 14:25:30] [1] TRUE
INFO [2025-10-30 14:25:30] 
INFO [2025-10-30 14:25:30] $imagetype
INFO [2025-10-30 14:25:30] [1] "png"
INFO [2025-10-30 14:25:30] 
INFO [2025-10-30 14:25:30] $height
INFO [2025-10-30 14:25:30] [1] 2000
INFO [2025-10-30 14:25:30] 
INFO [2025-10-30 14:25:30] $width
INFO [2025-10-30 14:25:30] [1] 2000
INFO [2025-10-30 14:25:30] 
INFO [2025-10-30 14:25:30] $resolution
INFO [2025-10-30 14:25:30] [1] 300
INFO [2025-10-30 14:25:30] 
INFO [2025-10-30 14:25:30] $col
INFO [2025-10-30 14:25:30] [1] "black"
INFO [2025-10-30 14:25:30] 
INFO [2025-10-30 14:25:30] $fill
INFO [2025-10-30 14:25:30] c("red", "purple", "#fde725ff")
INFO [2025-10-30 14:25:30] 
INFO [2025-10-30 14:25:30] $alpha
INFO [2025-10-30 14:25:30] [1] 0.5
INFO [2025-10-30 14:25:30] 
INFO [2025-10-30 14:25:30] $cex
INFO [2025-10-30 14:25:30] [1] 1.5
INFO [2025-10-30 14:25:30] 
INFO [2025-10-30 14:25:30] $fontfamily
INFO [2025-10-30 14:25:30] [1] "sans"
INFO [2025-10-30 14:25:30] 
INFO [2025-10-30 14:25:30] $cat.cex
INFO [2025-10-30 14:25:30] [1] 1.5
INFO [2025-10-30 14:25:30] 
INFO [2025-10-30 14:25:30] $cat.fontface
INFO [2025-10-30 14:25:30] [1] "bold"
INFO [2025-10-30 14:25:30] 
INFO [2025-10-30 14:25:30] $cat.fontfamily
INFO [2025-10-30 14:25:30] [1] "sans"
INFO [2025-10-30 14:25:30] 
