INFO [2025-10-30 14:25:25] $x
INFO [2025-10-30 14:25:25] list(non_ase = non_ase_sig_stage_1_vs_stage_3_genes, H1 = H1_sig_stage_1_vs_stage_3_genes, 
INFO [2025-10-30 14:25:25]     H2 = H2_sig_stage_1_vs_stage_3_genes)
INFO [2025-10-30 14:25:25] 
INFO [2025-10-30 14:25:25] $filename
INFO [2025-10-30 14:25:25] file.path(venn.plot.dir, "sig_genes_overlap_stage_1_vs_3.png")
INFO [2025-10-30 14:25:25] 
INFO [2025-10-30 14:25:25] $category.names
INFO [2025-10-30 14:25:25] c("non_ase", "H1", "H2")
INFO [2025-10-30 14:25:25] 
INFO [2025-10-30 14:25:25] $output
INFO [2025-10-30 14:25:25] [1] TRUE
INFO [2025-10-30 14:25:25] 
INFO [2025-10-30 14:25:25] $imagetype
INFO [2025-10-30 14:25:25] [1] "png"
INFO [2025-10-30 14:25:25] 
INFO [2025-10-30 14:25:25] $height
INFO [2025-10-30 14:25:25] [1] 2000
INFO [2025-10-30 14:25:25] 
INFO [2025-10-30 14:25:25] $width
INFO [2025-10-30 14:25:25] [1] 2000
INFO [2025-10-30 14:25:25] 
INFO [2025-10-30 14:25:25] $resolution
INFO [2025-10-30 14:25:25] [1] 300
INFO [2025-10-30 14:25:25] 
INFO [2025-10-30 14:25:25] $col
INFO [2025-10-30 14:25:25] [1] "black"
INFO [2025-10-30 14:25:25] 
INFO [2025-10-30 14:25:25] $fill
INFO [2025-10-30 14:25:25] c("red", "purple", "#fde725ff")
INFO [2025-10-30 14:25:25] 
INFO [2025-10-30 14:25:25] $alpha
INFO [2025-10-30 14:25:25] [1] 0.5
INFO [2025-10-30 14:25:25] 
INFO [2025-10-30 14:25:25] $cex
INFO [2025-10-30 14:25:25] [1] 1.5
INFO [2025-10-30 14:25:25] 
INFO [2025-10-30 14:25:25] $fontfamily
INFO [2025-10-30 14:25:25] [1] "sans"
INFO [2025-10-30 14:25:25] 
INFO [2025-10-30 14:25:25] $cat.cex
INFO [2025-10-30 14:25:25] [1] 1.5
INFO [2025-10-30 14:25:25] 
INFO [2025-10-30 14:25:25] $cat.fontface
INFO [2025-10-30 14:25:25] [1] "bold"
INFO [2025-10-30 14:25:25] 
INFO [2025-10-30 14:25:25] $cat.fontfamily
INFO [2025-10-30 14:25:25] [1] "sans"
INFO [2025-10-30 14:25:25] 
