INFO [2025-10-30 14:25:15] $x
INFO [2025-10-30 14:25:15] list(non_ase = non_ase_sig_stage_2_vs_stage_3_genes, H1 = H1_sig_stage_2_vs_stage_3_genes, 
INFO [2025-10-30 14:25:15]     H2 = H2_sig_stage_2_vs_stage_3_genes)
INFO [2025-10-30 14:25:15] 
INFO [2025-10-30 14:25:15] $filename
INFO [2025-10-30 14:25:15] file.path(venn.plot.dir, "sig_genes_overlap_stage_2_vs_3.png")
INFO [2025-10-30 14:25:15] 
INFO [2025-10-30 14:25:15] $category.names
INFO [2025-10-30 14:25:15] c("non_ase", "H1", "H2")
INFO [2025-10-30 14:25:15] 
INFO [2025-10-30 14:25:15] $output
INFO [2025-10-30 14:25:15] [1] TRUE
INFO [2025-10-30 14:25:15] 
INFO [2025-10-30 14:25:15] $imagetype
INFO [2025-10-30 14:25:15] [1] "png"
INFO [2025-10-30 14:25:15] 
INFO [2025-10-30 14:25:15] $height
INFO [2025-10-30 14:25:15] [1] 2000
INFO [2025-10-30 14:25:15] 
INFO [2025-10-30 14:25:15] $width
INFO [2025-10-30 14:25:15] [1] 2000
INFO [2025-10-30 14:25:15] 
INFO [2025-10-30 14:25:15] $resolution
INFO [2025-10-30 14:25:15] [1] 300
INFO [2025-10-30 14:25:15] 
INFO [2025-10-30 14:25:15] $col
INFO [2025-10-30 14:25:15] [1] "black"
INFO [2025-10-30 14:25:15] 
INFO [2025-10-30 14:25:15] $fill
INFO [2025-10-30 14:25:15] c("red", "purple", "#fde725ff")
INFO [2025-10-30 14:25:15] 
INFO [2025-10-30 14:25:15] $alpha
INFO [2025-10-30 14:25:15] [1] 0.5
INFO [2025-10-30 14:25:15] 
INFO [2025-10-30 14:25:15] $cex
INFO [2025-10-30 14:25:15] [1] 1.5
INFO [2025-10-30 14:25:15] 
INFO [2025-10-30 14:25:15] $fontfamily
INFO [2025-10-30 14:25:15] [1] "sans"
INFO [2025-10-30 14:25:15] 
INFO [2025-10-30 14:25:15] $cat.cex
INFO [2025-10-30 14:25:15] [1] 1.5
INFO [2025-10-30 14:25:15] 
INFO [2025-10-30 14:25:15] $cat.fontface
INFO [2025-10-30 14:25:15] [1] "bold"
INFO [2025-10-30 14:25:15] 
INFO [2025-10-30 14:25:15] $cat.fontfamily
INFO [2025-10-30 14:25:15] [1] "sans"
INFO [2025-10-30 14:25:15] 
