INFO [2025-10-30 14:24:50] $x
INFO [2025-10-30 14:24:50] list(non_ase = non_ase_sig_stage_1_vs_stage_2_genes, H1 = H1_sig_stage_1_vs_stage_2_genes, 
INFO [2025-10-30 14:24:50]     H2 = H2_sig_stage_1_vs_stage_2_genes)
INFO [2025-10-30 14:24:50] 
INFO [2025-10-30 14:24:50] $filename
INFO [2025-10-30 14:24:50] file.path(venn.plot.dir, "sig_genes_overlap_stage_1_vs_2.png")
INFO [2025-10-30 14:24:50] 
INFO [2025-10-30 14:24:50] $category.names
INFO [2025-10-30 14:24:50] c("non_ase", "H1", "H2")
INFO [2025-10-30 14:24:50] 
INFO [2025-10-30 14:24:50] $output
INFO [2025-10-30 14:24:50] [1] TRUE
INFO [2025-10-30 14:24:50] 
INFO [2025-10-30 14:24:50] $imagetype
INFO [2025-10-30 14:24:50] [1] "png"
INFO [2025-10-30 14:24:50] 
INFO [2025-10-30 14:24:50] $height
INFO [2025-10-30 14:24:50] [1] 2000
INFO [2025-10-30 14:24:50] 
INFO [2025-10-30 14:24:50] $width
INFO [2025-10-30 14:24:50] [1] 2000
INFO [2025-10-30 14:24:50] 
INFO [2025-10-30 14:24:50] $resolution
INFO [2025-10-30 14:24:50] [1] 300
INFO [2025-10-30 14:24:50] 
INFO [2025-10-30 14:24:50] $col
INFO [2025-10-30 14:24:50] [1] "black"
INFO [2025-10-30 14:24:50] 
INFO [2025-10-30 14:24:50] $fill
INFO [2025-10-30 14:24:50] c("red", "purple", "#fde725ff")
INFO [2025-10-30 14:24:50] 
INFO [2025-10-30 14:24:50] $alpha
INFO [2025-10-30 14:24:50] [1] 0.5
INFO [2025-10-30 14:24:50] 
INFO [2025-10-30 14:24:50] $cex
INFO [2025-10-30 14:24:50] [1] 1.5
INFO [2025-10-30 14:24:50] 
INFO [2025-10-30 14:24:50] $fontfamily
INFO [2025-10-30 14:24:50] [1] "sans"
INFO [2025-10-30 14:24:50] 
INFO [2025-10-30 14:24:50] $cat.cex
INFO [2025-10-30 14:24:50] [1] 1.5
INFO [2025-10-30 14:24:50] 
INFO [2025-10-30 14:24:50] $cat.fontface
INFO [2025-10-30 14:24:50] [1] "bold"
INFO [2025-10-30 14:24:50] 
INFO [2025-10-30 14:24:50] $cat.fontfamily
INFO [2025-10-30 14:24:50] [1] "sans"
INFO [2025-10-30 14:24:50] 
